<?xml version="1.0" encoding="UTF-8"?>
<!-- Generated by org.testng.reporters.JUnitReportReporter -->
<testsuite hostname="DESKTOP-IVHT2EQ" failures="0" tests="2" name="Ctruh" time="43.054" errors="0" timestamp="2024-04-22T21:18:26 IST" skipped="0">
  <testcase classname="Ctruh" name="validLogin" time="26.103"/>
  <system-out/>
  <testcase classname="Ctruh" name="InvalidLogin" time="16.951"/>
  <system-out/>
</testsuite> <!-- Ctruh -->
